<?xml version="1.0" encoding="UTF-8"?>
<testng-results ignored="0" total="2" passed="2" failed="0" skipped="0">
  <reporter-output>
  </reporter-output>
  <suite started-at="2023-06-08T16:08:50 WAT" name="Default suite" finished-at="2023-06-08T16:10:24 WAT" duration-ms="93459">
    <groups>
    </groups>
    <test started-at="2023-06-08T16:08:50 WAT" name="Default test" finished-at="2023-06-08T16:10:24 WAT" duration-ms="93459">
      <class name="test.loginwithbeforemethod">
        <test-method is-config="true" signature="setup()[pri:0, instance:test.loginwithbeforemethod@5fbdfdcf]" started-at="2023-06-08T16:08:50 WAT" name="setup" finished-at="2023-06-08T16:09:34 WAT" duration-ms="43980" status="PASS">
          <reporter-output>
          </reporter-output>
        </test-method> <!-- setup -->
        <test-method signature="invalidLogin()[pri:0, instance:test.loginwithbeforemethod@5fbdfdcf]" started-at="2023-06-08T16:09:34 WAT" name="invalidLogin" finished-at="2023-06-08T16:09:50 WAT" duration-ms="15609" status="PASS">
          <reporter-output>
          </reporter-output>
        </test-method> <!-- invalidLogin -->
        <test-method is-config="true" signature="afterMyTest()[pri:0, instance:test.loginwithbeforemethod@5fbdfdcf]" started-at="2023-06-08T16:09:50 WAT" name="afterMyTest" finished-at="2023-06-08T16:09:50 WAT" duration-ms="337" status="PASS">
          <reporter-output>
          </reporter-output>
        </test-method> <!-- afterMyTest -->
        <test-method is-config="true" signature="setup()[pri:0, instance:test.loginwithbeforemethod@5fbdfdcf]" started-at="2023-06-08T16:09:50 WAT" name="setup" finished-at="2023-06-08T16:10:11 WAT" duration-ms="21365" status="PASS">
          <reporter-output>
          </reporter-output>
        </test-method> <!-- setup -->
        <test-method signature="validLogin()[pri:1, instance:test.loginwithbeforemethod@5fbdfdcf]" started-at="2023-06-08T16:10:11 WAT" name="validLogin" finished-at="2023-06-08T16:10:23 WAT" duration-ms="11771" status="PASS">
          <reporter-output>
          </reporter-output>
        </test-method> <!-- validLogin -->
        <test-method is-config="true" signature="afterMyTest()[pri:0, instance:test.loginwithbeforemethod@5fbdfdcf]" started-at="2023-06-08T16:10:23 WAT" name="afterMyTest" finished-at="2023-06-08T16:10:24 WAT" duration-ms="324" status="PASS">
          <reporter-output>
          </reporter-output>
        </test-method> <!-- afterMyTest -->
      </class> <!-- test.loginwithbeforemethod -->
    </test> <!-- Default test -->
  </suite> <!-- Default suite -->
</testng-results>
